Added Component: Designator=J4(ICSP)
Add component (AddParameter): Name = "Digikey Link"; Value = "https://www.digikey.com/product-detail/en/NRPN032PAEN-RC/S5801-03-ND/804955/?itemSeq=304982355"; VariantName = "[No Variations]"
Add component (AddParameter): Name = "LCSC Part#"; Value = "C124384"; VariantName = "[No Variations]"
Add component (AddParameter): Name = "MFR Part #"; Value = "NRPN032PAEN-RC"; VariantName = "[No Variations]"
Add component (AddParameter): Name = "Type"; Value = "Extended"; VariantName = "[No Variations]"
Added Pin To Net: NetName=D13 Pin=J4-2
Added Pin To Net: NetName=RESET_PIN Pin=J4-3
Added Pin To Net: NetName=+5 Pin=J4-4
Added Pin To Net: NetName=GND Pin=J4-6
Added Pin To Net: NetName=D11 Pin=J4-5
Added Pin To Net: NetName=D11 Pin=U1-15
Added Net: Name=D11
Added Pin To Net: NetName=D12 Pin=J4-1
Added Pin To Net: NetName=D12 Pin=U1-16
Added Net: Name=D12
Added Member To Class: ClassName=Sheet2 Member=Component C19 C_22uF_1206
Added Member To Class: ClassName=Sheet2 Member=Component C20 C_22uF_1206
Added Member To Class: ClassName=Sheet2 Member=Component C21 C_22uF_1206
Added Member To Class: ClassName=Sheet2 Member=Component C22 C_22uF_1206
Added Member To Class: ClassName=Sheet2 Member=Component C23 C_22uF_1206
Added Member To Class: ClassName=Sheet2 Member=Component C24 C_22uF_1206
Added Member To Class: ClassName=Sheet2 Member=Component D2 IN-PI55QATPRPGPBPW
Added Member To Class: ClassName=Sheet2 Member=Component D3 IN-PI55QATPRPGPBPW
Added Member To Class: ClassName=Sheet2 Member=Component D4 IN-PI55QATPRPGPBPW
Added Member To Class: ClassName=Sheet2 Member=Component D5 IN-PI55QATPRPGPBPW
Added Member To Class: ClassName=Sheet3 Member=Component J4 NRPN032PAEN-RC
Added Member To Class: ClassName=Sheet2 Member=Component Q1 AO3400A
Added Member To Class: ClassName=Sheet2 Member=Component R10 10k
Added Member To Class: ClassName=Sheet2 Member=Component R11 10k
Added Member To Class: ClassName=Sheet2 Member=Component R12 10k
Added Member To Class: ClassName=Sheet2 Member=Component R13 10 Ohm
Added Member To Class: ClassName=Sheet2 Member=Component R14 1 Ohm
Added Member To Class: ClassName=Sheet2 Member=Component R16 0 Ohm
Added Member To Class: ClassName=Sheet2 Member=Component R17 0 Ohm
Added Member To Class: ClassName=Sheet2 Member=Component SW2 SW_3Pin_100mil_Switch
Added Member To Class: ClassName=Sheet2 Member=Component  MCP6002T-I/SN
Added Member To Class: ClassName=Sheet2 Member=Component TP1 10x Probe TP
Added Member To Class: ClassName=Sheet2 Member=Component TP2 10x Probe TP
Added Member To Class: ClassName=Sheet2 Member=Component TP3 10x Probe TP
Added Member To Class: ClassName=Sheet2 Member=Component TP4 10x Probe TP
Added Member To Class: ClassName=Sheet2 Member=Component U3 ADS1115IDGSR
Added Member To Class: ClassName=Sheet2 Member=Component U4 DAC IC
